/*C1*/SET SCHEMA SYSTEM_LOBS
INSERT INTO BLOCKS VALUES(0,2147483647,0)
COMMIT
/*C2*/SET SCHEMA PUBLIC
create table product (id bigint not null, description varchar(255), image_source varchar(255), price numeric(19,2), title varchar(255), primary key (id))
create sequence hibernate_sequence start with 1 increment by 1
INSERT INTO PRODUCT VALUES(1,'The Classic House Beats Generator','https://www.amazona.de/wp-content/uploads/2010/01/roland_tr-909-amazona.jpg',1000.00,'Roland TR-909')
ALTER SEQUENCE PUBLIC.HIBERNATE_SEQUENCE RESTART WITH 2
COMMIT
INSERT INTO PRODUCT VALUES(2,'Hip Hop Machine','http://www.electronicbeats.net/app/uploads/2016/08/roland808-1200x675.jpg',3000.00,'Roland TR-808')
ALTER SEQUENCE PUBLIC.HIBERNATE_SEQUENCE RESTART WITH 3
COMMIT
INSERT INTO PRODUCT VALUES(3,'Awesome Oscillators','https://static.bax-shop.de/image/product/53014/167893/b23e46f0/Dave-Smith_Prophet-12-hybrid-synthesizer-angle.jpg',5200.00,'Dave Smith Prophet Synthsizer')
ALTER SEQUENCE PUBLIC.HIBERNATE_SEQUENCE RESTART WITH 4
COMMIT
INSERT INTO PRODUCT VALUES(4,'Music Nerds Passion','https://www.sequencer.de/pix/moogmodule/moog_IIIc.jpg',10000.00,'Modular Synth')
ALTER SEQUENCE PUBLIC.HIBERNATE_SEQUENCE RESTART WITH 5
COMMIT
DISCONNECT
/*C4*/SET SCHEMA PUBLIC
DISCONNECT
/*C3*/SET SCHEMA PUBLIC
DISCONNECT
/*C8*/SET SCHEMA PUBLIC
DISCONNECT
/*C5*/SET SCHEMA PUBLIC
DISCONNECT
/*C10*/SET SCHEMA PUBLIC
DISCONNECT
/*C6*/SET SCHEMA PUBLIC
DISCONNECT
/*C11*/SET SCHEMA PUBLIC
DISCONNECT
/*C9*/SET SCHEMA PUBLIC
DISCONNECT
/*C7*/SET SCHEMA PUBLIC
DISCONNECT
/*C14*/SET SCHEMA PUBLIC
DISCONNECT
/*C13*/SET SCHEMA PUBLIC
DISCONNECT
/*C15*/SET SCHEMA PUBLIC
DISCONNECT
/*C16*/SET SCHEMA PUBLIC
DISCONNECT
/*C18*/SET SCHEMA PUBLIC
DISCONNECT
/*C12*/SET SCHEMA PUBLIC
DISCONNECT
/*C17*/SET SCHEMA PUBLIC
DISCONNECT
/*C19*/SET SCHEMA PUBLIC
DISCONNECT
/*C21*/SET SCHEMA PUBLIC
DISCONNECT
/*C20*/SET SCHEMA PUBLIC
DISCONNECT
/*C22*/SET SCHEMA PUBLIC
DISCONNECT
/*C23*/SET SCHEMA PUBLIC
DISCONNECT
/*C26*/SET SCHEMA PUBLIC
DISCONNECT
/*C28*/SET SCHEMA PUBLIC
DISCONNECT
/*C25*/SET SCHEMA PUBLIC
DISCONNECT
/*C27*/SET SCHEMA PUBLIC
DISCONNECT
/*C24*/SET SCHEMA PUBLIC
DISCONNECT
/*C29*/SET SCHEMA PUBLIC
DISCONNECT
/*C31*/SET SCHEMA PUBLIC
DISCONNECT
/*C30*/SET SCHEMA PUBLIC
DISCONNECT
/*C32*/SET SCHEMA PUBLIC
DELETE FROM PRODUCT WHERE ID=2
INSERT INTO PRODUCT VALUES(2,'Hip Hop Classic Monster','',1200.00,'Roland TR-808')
COMMIT
DELETE FROM PRODUCT WHERE ID=2
INSERT INTO PRODUCT VALUES(2,'Hip Hop Classic Monster','http://www.musicismysanctuary.com/wp-content/uploads/2011/08/Solo-TR-808.jpg',1200.00,'Roland TR-808')
COMMIT
/*C33*/SET SCHEMA PUBLIC
DISCONNECT
/*C32*/DISCONNECT
/*C34*/SET SCHEMA PUBLIC
DISCONNECT
/*C36*/SET SCHEMA PUBLIC
DISCONNECT
/*C35*/SET SCHEMA PUBLIC
DISCONNECT
/*C40*/SET SCHEMA PUBLIC
DISCONNECT
/*C38*/SET SCHEMA PUBLIC
DISCONNECT
/*C37*/SET SCHEMA PUBLIC
DISCONNECT
/*C41*/SET SCHEMA PUBLIC
DISCONNECT
/*C39*/SET SCHEMA PUBLIC
DISCONNECT
